# JRE version: OpenJDK Runtime Environment Microsoft-11369865 (17.0.15+6) (build 17.0.15+6-LTS)
# Java VM: OpenJDK 64-Bit Server VM Microsoft-11369865 (17.0.15+6-LTS, mixed mode, sharing, tiered, compressed oops, compressed class ptrs, g1 gc, windows-amd64)
GC Precious Log:
 CPUs: 12 total, 12 available
 Memory: 16108M
 Large Page Support: Disabled
 NUMA Support: Disabled
 Compressed Oops: Enabled (Zero based)
 Heap Region Size: 2M
 Heap Min Capacity: 8M
 Heap Initial Capacity: 252M
 Heap Max Capacity: 4028M
 Pre-touch: Disabled
 Parallel Workers: 10
 Concurrent Workers: 3
 Concurrent Refinement Workers: 10
 Periodic GC: Disabled
Heap:
 garbage-first heap   total 49152K, used 24749K [0x0000000704400000, 0x0000000800000000)
  region size 2048K, 3 young (6144K), 1 survivors (2048K)
 Metaspace       used 28674K, committed 28864K, reserved 1114112K
  class space    used 3881K, committed 3968K, reserved 1048576K
GC Heap History (16 events):
Event: 0.610 GC heap before
{Heap before GC invocations=0 (full 0):
 garbage-first heap   total 258048K, used 22528K [0x0000000704400000, 0x0000000800000000)
  region size 2048K, 11 young (22528K), 0 survivors (0K)
 Metaspace       used 5187K, committed 5312K, reserved 1114112K
  class space    used 620K, committed 704K, reserved 1048576K
}
Event: 0.613 GC heap after
{Heap after GC invocations=1 (full 0):
 garbage-first heap   total 258048K, used 2741K [0x0000000704400000, 0x0000000800000000)
  region size 2048K, 2 young (4096K), 2 survivors (4096K)
 Metaspace       used 5187K, committed 5312K, reserved 1114112K
  class space    used 620K, committed 704K, reserved 1048576K
}
Event: 3.431 GC heap before
{Heap before GC invocations=1 (full 0):
 garbage-first heap   total 258048K, used 39605K [0x0000000704400000, 0x0000000800000000)
  region size 2048K, 20 young (40960K), 2 survivors (4096K)
 Metaspace       used 15625K, committed 15872K, reserved 1114112K
  class space    used 2018K, committed 2112K, reserved 1048576K
}
Event: 3.438 GC heap after
{Heap after GC invocations=2 (full 0):
 garbage-first heap   total 258048K, used 9583K [0x0000000704400000, 0x0000000800000000)
  region size 2048K, 3 young (6144K), 3 survivors (6144K)
 Metaspace       used 15625K, committed 15872K, reserved 1114112K
  class space    used 2018K, committed 2112K, reserved 1048576K
}
Event: 3.750 GC heap before
{Heap before GC invocations=2 (full 0):
 garbage-first heap   total 258048K, used 17775K [0x0000000704400000, 0x0000000800000000)
  region size 2048K, 8 young (16384K), 3 survivors (6144K)
 Metaspace       used 21268K, committed 21504K, reserved 1114112K
  class space    used 2742K, committed 2816K, reserved 1048576K
}
Event: 3.757 GC heap after
{Heap after GC invocations=3 (full 0):
 garbage-first heap   total 258048K, used 11473K [0x0000000704400000, 0x0000000800000000)
  region size 2048K, 4 young (8192K), 4 survivors (8192K)
 Metaspace       used 21268K, committed 21504K, reserved 1114112K
  class space    used 2742K, committed 2816K, reserved 1048576K
}
Event: 21.434 GC heap before
{Heap before GC invocations=4 (full 0):
 garbage-first heap   total 49152K, used 31953K [0x0000000704400000, 0x0000000800000000)
  region size 2048K, 14 young (28672K), 4 survivors (8192K)
 Metaspace       used 24717K, committed 25024K, reserved 1114112K
  class space    used 3355K, committed 3520K, reserved 1048576K
}
Event: 21.442 GC heap after
{Heap after GC invocations=5 (full 0):
 garbage-first heap   total 49152K, used 13569K [0x0000000704400000, 0x0000000800000000)
  region size 2048K, 2 young (4096K), 2 survivors (4096K)
 Metaspace       used 24717K, committed 25024K, reserved 1114112K
  class space    used 3355K, committed 3520K, reserved 1048576K
}
Event: 30.704 GC heap before
{Heap before GC invocations=5 (full 0):
 garbage-first heap   total 49152K, used 13569K [0x0000000704400000, 0x0000000800000000)
  region size 2048K, 3 young (6144K), 2 survivors (4096K)
 Metaspace       used 25049K, committed 25344K, reserved 1114112K
  class space    used 3373K, committed 3520K, reserved 1048576K
}
Event: 30.710 GC heap after
{Heap after GC invocations=6 (full 0):
 garbage-first heap   total 49152K, used 13688K [0x0000000704400000, 0x0000000800000000)
  region size 2048K, 1 young (2048K), 1 survivors (2048K)
 Metaspace       used 25049K, committed 25344K, reserved 1114112K
  class space    used 3373K, committed 3520K, reserved 1048576K
}
Event: 37.528 GC heap before
{Heap before GC invocations=6 (full 0):
 garbage-first heap   total 49152K, used 32120K [0x0000000704400000, 0x0000000800000000)
  region size 2048K, 10 young (20480K), 1 survivors (2048K)
 Metaspace       used 27441K, committed 27712K, reserved 1114112K
  class space    used 3819K, committed 3968K, reserved 1048576K
}
Event: 37.531 GC heap after
{Heap after GC invocations=7 (full 0):
 garbage-first heap   total 49152K, used 16419K [0x0000000704400000, 0x0000000800000000)
  region size 2048K, 2 young (4096K), 2 survivors (4096K)
 Metaspace       used 27441K, committed 27712K, reserved 1114112K
  class space    used 3819K, committed 3968K, reserved 1048576K
}
Event: 172.230 GC heap before
{Heap before GC invocations=7 (full 0):
 garbage-first heap   total 49152K, used 32803K [0x0000000704400000, 0x0000000800000000)
  region size 2048K, 10 young (20480K), 2 survivors (4096K)
 Metaspace       used 27936K, committed 28224K, reserved 1114112K
  class space    used 3831K, committed 3968K, reserved 1048576K
}
Event: 172.236 GC heap after
{Heap after GC invocations=8 (full 0):
 garbage-first heap   total 49152K, used 20072K [0x0000000704400000, 0x0000000800000000)
  region size 2048K, 2 young (4096K), 2 survivors (4096K)
 Metaspace       used 27936K, committed 28224K, reserved 1114112K
  class space    used 3831K, committed 3968K, reserved 1048576K
}
Event: 182.796 GC heap before
{Heap before GC invocations=8 (full 0):
 garbage-first heap   total 49152K, used 32360K [0x0000000704400000, 0x0000000800000000)
  region size 2048K, 8 young (16384K), 2 survivors (4096K)
 Metaspace       used 28605K, committed 28800K, reserved 1114112K
  class space    used 3879K, committed 3968K, reserved 1048576K
}
Event: 182.801 GC heap after
{Heap after GC invocations=9 (full 0):
 garbage-first heap   total 49152K, used 22701K [0x0000000704400000, 0x0000000800000000)
  region size 2048K, 1 young (2048K), 1 survivors (2048K)
 Metaspace       used 28605K, committed 28800K, reserved 1114112K
  class space    used 3879K, committed 3968K, reserved 1048576K
}

